<?xml version="1.0" encoding="UTF-8"?>
<!-- Generated by org.testng.reporters.JUnitReportReporter -->
<testsuite hostname="NANTHA-7" failures="0" tests="2" name="com.example.dayone.taskfiveone.NewTest" time="0.008" errors="0" timestamp="2023-04-27T15:20:43 IST" skipped="0">
  <testcase classname="com.example.dayone.taskfiveone.NewTest" name="TC_002" time="0.007"/>
  <system-out/>
  <testcase classname="com.example.dayone.taskfiveone.NewTest" name="TC_003" time="0.001"/>
  <system-out/>
</testsuite> <!-- com.example.dayone.taskfiveone.NewTest -->
